生成启动时间为 2022/12/15 13:40:20。
     1>项目“E:\Programming\My_Cpp_File\RightBottonPress\RightBottonPress\RightBottonPress.vcxproj”在节点 2 上(build 个目标)。
     1>InitializeBuildStatus:
         正在创建“Debug\RightBottonPress.unsuccessfulbuild”，因为已指定“AlwaysCreate”。
       ClCompile:
         E:\Program Files (x86)\Microsoft Visual Studio 10.0\VC\bin\CL.exe /c /ZI /nologo /W3 /WX- /Od /Oy- /D WIN32 /D _DEBUG /D _CONSOLE /D _UNICODE /D UNICODE /Gm /EHsc /RTC1 /MDd /GS /fp:precise /Zc:wchar_t /Zc:forScope /Fo"Debug\\" /Fd"Debug\vc100.pdb" /Gd /TP /analyze- /errorReport:prompt RightBottonPress.cpp
         RightBottonPress.cpp
       ManifestResourceCompile:
         所有输出均为最新。
       Link:
         E:\Program Files (x86)\Microsoft Visual Studio 10.0\VC\bin\link.exe /ERRORREPORT:PROMPT /OUT:"E:\Programming\My_Cpp_File\RightBottonPress\Debug\RightBottonPress.exe" /INCREMENTAL /NOLOGO kernel32.lib user32.lib gdi32.lib winspool.lib comdlg32.lib advapi32.lib shell32.lib ole32.lib oleaut32.lib uuid.lib odbc32.lib odbccp32.lib /MANIFEST /ManifestFile:"Debug\RightBottonPress.exe.intermediate.manifest" /MANIFESTUAC:"level='asInvoker' uiAccess='false'" /DEBUG /PDB:"E:\Programming\My_Cpp_File\RightBottonPress\Debug\RightBottonPress.pdb" /SUBSYSTEM:CONSOLE /TLBID:1 /DYNAMICBASE /NXCOMPAT /IMPLIB:"E:\Programming\My_Cpp_File\RightBottonPress\Debug\RightBottonPress.lib" /MACHINE:X86 Debug\RightBottonPress.exe.embed.manifest.res
         Debug\RightBottonPress.obj
       Manifest:
         E:\Program Files (x86)\Microsoft SDKs\Windows\v7.0A\bin\mt.exe /nologo /verbose /out:"Debug\RightBottonPress.exe.embed.manifest" /manifest Debug\RightBottonPress.exe.intermediate.manifest
         所有输出均为最新。
       LinkEmbedManifest:
         所有输出均为最新。
         RightBottonPress.vcxproj -> E:\Programming\My_Cpp_File\RightBottonPress\Debug\RightBottonPress.exe
       FinalizeBuildStatus:
         正在删除文件“Debug\RightBottonPress.unsuccessfulbuild”。
         正在对“Debug\RightBottonPress.lastbuildstate”执行 Touch 任务。
     1>已完成生成项目“E:\Programming\My_Cpp_File\RightBottonPress\RightBottonPress\RightBottonPress.vcxproj”(build 个目标)的操作。

生成成功。

已用时间 00:00:03.48
